<?xml version="1.0" encoding="UTF-8"?>
<!-- Generated by org.testng.reporters.JUnitReportReporter -->
<testsuite hostname="CBT-004" name="Delta.main.DeltaDriver" tests="4" failures="0" timestamp="10 Sep 2016 10:31:44 GMT" time="51.915" errors="0">
  <testcase name="testScanarios" time="19.302" classname="Delta.main.DeltaDriver"/>
  <testcase name="testScanarios" time="13.340" classname="Delta.main.DeltaDriver"/>
  <testcase name="testScanarios" time="9.764" classname="Delta.main.DeltaDriver"/>
  <testcase name="testScanarios" time="9.509" classname="Delta.main.DeltaDriver"/>
</testsuite> <!-- Delta.main.DeltaDriver -->
